<?xml version="1.0" encoding="UTF-8"?>
<coverage generated="1750701049004" clover="3.2.0">
  <project timestamp="1750701049005" name="All files">
    <metrics statements="63" coveredstatements="59" conditionals="33" coveredconditionals="27" methods="14" coveredmethods="13" elements="110" coveredelements="99" complexity="0" loc="63" ncloc="63" packages="3" files="8" classes="8"/>
    <package name="src">
      <metrics statements="20" coveredstatements="20" conditionals="7" coveredconditionals="7" methods="3" coveredmethods="3"/>
      <file name="diffBuilder.js" path="/Users/Elena/Documents/QA/qa-auto-engineer-javascript-project-87/src/diffBuilder.js">
        <metrics statements="13" coveredstatements="13" conditionals="6" coveredconditionals="6" methods="2" coveredmethods="2"/>
        <line num="1" count="1" type="stmt"/>
        <line num="2" count="2" type="stmt"/>
        <line num="3" count="2" type="stmt"/>
        <line num="5" count="2" type="stmt"/>
        <line num="6" count="10" type="cond" truecount="2" falsecount="0"/>
        <line num="7" count="4" type="stmt"/>
        <line num="8" count="6" type="cond" truecount="2" falsecount="0"/>
        <line num="9" count="2" type="stmt"/>
        <line num="10" count="4" type="cond" truecount="2" falsecount="0"/>
        <line num="11" count="2" type="stmt"/>
        <line num="12" count="2" type="stmt"/>
        <line num="14" count="2" type="stmt"/>
        <line num="18" count="2" type="stmt"/>
      </file>
      <file name="index.js" path="/Users/Elena/Documents/QA/qa-auto-engineer-javascript-project-87/src/index.js">
        <metrics statements="7" coveredstatements="7" conditionals="1" coveredconditionals="1" methods="1" coveredmethods="1"/>
        <line num="7" count="2" type="stmt"/>
        <line num="8" count="2" type="stmt"/>
        <line num="10" count="2" type="stmt"/>
        <line num="11" count="2" type="stmt"/>
        <line num="13" count="2" type="stmt"/>
        <line num="14" count="2" type="stmt"/>
        <line num="16" count="2" type="stmt"/>
      </file>
    </package>
    <package name="src.formatters">
      <metrics statements="31" coveredstatements="29" conditionals="22" coveredconditionals="18" methods="7" coveredmethods="7"/>
      <file name="formatsFactory.js" path="/Users/Elena/Documents/QA/qa-auto-engineer-javascript-project-87/src/formatters/formatsFactory.js">
        <metrics statements="5" coveredstatements="4" conditionals="2" coveredconditionals="1" methods="1" coveredmethods="1"/>
        <line num="4" count="1" type="stmt"/>
        <line num="10" count="2" type="stmt"/>
        <line num="11" count="2" type="cond" truecount="1" falsecount="1"/>
        <line num="12" count="0" type="stmt"/>
        <line num="14" count="2" type="stmt"/>
      </file>
      <file name="plain.js" path="/Users/Elena/Documents/QA/qa-auto-engineer-javascript-project-87/src/formatters/plain.js">
        <metrics statements="20" coveredstatements="19" conditionals="20" coveredconditionals="17" methods="4" coveredmethods="4"/>
        <line num="1" count="1" type="stmt"/>
        <line num="2" count="3" type="cond" truecount="2" falsecount="2"/>
        <line num="3" count="0" type="stmt"/>
        <line num="5" count="3" type="cond" truecount="1" falsecount="1"/>
        <line num="8" count="1" type="stmt"/>
        <line num="9" count="1" type="stmt"/>
        <line num="10" count="1" type="stmt"/>
        <line num="12" count="1" type="stmt"/>
        <line num="13" count="6" type="stmt"/>
        <line num="14" count="6" type="cond" truecount="4" falsecount="0"/>
        <line num="15" count="2" type="stmt"/>
        <line num="16" count="2" type="stmt"/>
        <line num="20" count="1" type="stmt"/>
        <line num="21" count="6" type="stmt"/>
        <line num="23" count="6" type="cond" truecount="2" falsecount="0"/>
        <line num="25" count="4" type="cond" truecount="4" falsecount="0"/>
        <line num="26" count="1" type="stmt"/>
        <line num="27" count="3" type="cond" truecount="4" falsecount="0"/>
        <line num="28" count="1" type="stmt"/>
        <line num="32" count="1" type="stmt"/>
      </file>
      <file name="stylish.js" path="/Users/Elena/Documents/QA/qa-auto-engineer-javascript-project-87/src/formatters/stylish.js">
        <metrics statements="6" coveredstatements="6" conditionals="0" coveredconditionals="0" methods="2" coveredmethods="2"/>
        <line num="1" count="1" type="stmt"/>
        <line num="2" count="1" type="stmt"/>
        <line num="3" count="6" type="stmt"/>
        <line num="4" count="6" type="stmt"/>
        <line num="5" count="6" type="stmt"/>
        <line num="7" count="1" type="stmt"/>
      </file>
    </package>
    <package name="src.parsers">
      <metrics statements="12" coveredstatements="10" conditionals="4" coveredconditionals="2" methods="4" coveredmethods="3"/>
      <file name="jsonParser.js" path="/Users/Elena/Documents/QA/qa-auto-engineer-javascript-project-87/src/parsers/jsonParser.js">
        <metrics statements="4" coveredstatements="3" conditionals="2" coveredconditionals="1" methods="1" coveredmethods="1"/>
        <line num="1" count="1" type="stmt"/>
        <line num="2" count="4" type="cond" truecount="1" falsecount="1"/>
        <line num="3" count="4" type="stmt"/>
        <line num="5" count="0" type="stmt"/>
      </file>
      <file name="parserFactory.js" path="/Users/Elena/Documents/QA/qa-auto-engineer-javascript-project-87/src/parsers/parserFactory.js">
        <metrics statements="7" coveredstatements="6" conditionals="2" coveredconditionals="1" methods="2" coveredmethods="2"/>
        <line num="4" count="1" type="stmt"/>
        <line num="5" count="4" type="stmt"/>
        <line num="6" count="4" type="stmt"/>
        <line num="7" count="4" type="stmt"/>
        <line num="12" count="4" type="cond" truecount="1" falsecount="1"/>
        <line num="13" count="0" type="stmt"/>
        <line num="16" count="4" type="stmt"/>
      </file>
      <file name="yamlParser.js" path="/Users/Elena/Documents/QA/qa-auto-engineer-javascript-project-87/src/parsers/yamlParser.js">
        <metrics statements="1" coveredstatements="1" conditionals="0" coveredconditionals="0" methods="1" coveredmethods="0"/>
        <line num="3" count="1" type="stmt"/>
      </file>
    </package>
  </project>
</coverage>
