{"/Users/Elena/Documents/QA/qa-auto-engineer-javascript-project-87/src/diffBuilder.js": {"path":"/Users/Elena/Documents/QA/qa-auto-engineer-javascript-project-87/src/diffBuilder.js","statementMap":{"0":{"start":{"line":1,"column":18},"end":{"line":19,"column":1}},"1":{"start":{"line":2,"column":15},"end":{"line":2,"column":48}},"2":{"start":{"line":3,"column":17},"end":{"line":3,"column":19}},"3":{"start":{"line":5,"column":2},"end":{"line":16,"column":5}},"4":{"start":{"line":6,"column":4},"end":{"line":15,"column":5}},"5":{"start":{"line":7,"column":6},"end":{"line":7,"column":37}},"6":{"start":{"line":8,"column":11},"end":{"line":15,"column":5}},"7":{"start":{"line":9,"column":6},"end":{"line":9,"column":37}},"8":{"start":{"line":10,"column":11},"end":{"line":15,"column":5}},"9":{"start":{"line":11,"column":6},"end":{"line":11,"column":37}},"10":{"start":{"line":12,"column":6},"end":{"line":12,"column":37}},"11":{"start":{"line":14,"column":6},"end":{"line":14,"column":37}},"12":{"start":{"line":18,"column":2},"end":{"line":18,"column":16}}},"fnMap":{"0":{"name":"(anonymous_0)","decl":{"start":{"line":1,"column":18},"end":{"line":1,"column":19}},"loc":{"start":{"line":1,"column":34},"end":{"line":19,"column":1}},"line":1},"1":{"name":"(anonymous_1)","decl":{"start":{"line":5,"column":15},"end":{"line":5,"column":16}},"loc":{"start":{"line":5,"column":24},"end":{"line":16,"column":3}},"line":5}},"branchMap":{"0":{"loc":{"start":{"line":6,"column":4},"end":{"line":15,"column":5}},"type":"if","locations":[{"start":{"line":6,"column":4},"end":{"line":15,"column":5}},{"start":{"line":8,"column":11},"end":{"line":15,"column":5}}],"line":6},"1":{"loc":{"start":{"line":8,"column":11},"end":{"line":15,"column":5}},"type":"if","locations":[{"start":{"line":8,"column":11},"end":{"line":15,"column":5}},{"start":{"line":10,"column":11},"end":{"line":15,"column":5}}],"line":8},"2":{"loc":{"start":{"line":10,"column":11},"end":{"line":15,"column":5}},"type":"if","locations":[{"start":{"line":10,"column":11},"end":{"line":15,"column":5}},{"start":{"line":13,"column":11},"end":{"line":15,"column":5}}],"line":10}},"s":{"0":1,"1":1,"2":1,"3":1,"4":5,"5":2,"6":3,"7":1,"8":2,"9":1,"10":1,"11":1,"12":1},"f":{"0":1,"1":5},"b":{"0":[2,3],"1":[1,2],"2":[1,1]},"inputSourceMap":null,"_coverageSchema":"1a1c01bbd47fc00a2c39e90264f33305004495a9","hash":"a758d89aad5c5f7020bbfb4008417c1cbffc47d8"}
,"/Users/Elena/Documents/QA/qa-auto-engineer-javascript-project-87/src/index.js": {"path":"/Users/Elena/Documents/QA/qa-auto-engineer-javascript-project-87/src/index.js","statementMap":{"0":{"start":{"line":7,"column":16},"end":{"line":19,"column":1}},"1":{"start":{"line":8,"column":18},"end":{"line":12,"column":3}},"2":{"start":{"line":9,"column":16},"end":{"line":9,"column":38}},"3":{"start":{"line":10,"column":20},"end":{"line":10,"column":65}},"4":{"start":{"line":11,"column":4},"end":{"line":11,"column":31}},"5":{"start":{"line":14,"column":16},"end":{"line":14,"column":34}},"6":{"start":{"line":15,"column":16},"end":{"line":15,"column":34}},"7":{"start":{"line":16,"column":22},"end":{"line":16,"column":45}},"8":{"start":{"line":18,"column":2},"end":{"line":18,"column":41}}},"fnMap":{"0":{"name":"(anonymous_0)","decl":{"start":{"line":7,"column":16},"end":{"line":7,"column":17}},"loc":{"start":{"line":7,"column":66},"end":{"line":19,"column":1}},"line":7},"1":{"name":"(anonymous_1)","decl":{"start":{"line":8,"column":18},"end":{"line":8,"column":19}},"loc":{"start":{"line":8,"column":32},"end":{"line":12,"column":3}},"line":8}},"branchMap":{"0":{"loc":{"start":{"line":7,"column":39},"end":{"line":7,"column":61}},"type":"default-arg","locations":[{"start":{"line":7,"column":52},"end":{"line":7,"column":61}}],"line":7}},"s":{"0":1,"1":1,"2":2,"3":2,"4":2,"5":1,"6":1,"7":1,"8":1},"f":{"0":1,"1":2},"b":{"0":[1]},"inputSourceMap":null,"_coverageSchema":"1a1c01bbd47fc00a2c39e90264f33305004495a9","hash":"0cd25dd9d59af21859e6eee4b5600b1cef2ec554"}
,"/Users/Elena/Documents/QA/qa-auto-engineer-javascript-project-87/src/parser.js": {"path":"/Users/Elena/Documents/QA/qa-auto-engineer-javascript-project-87/src/parser.js","statementMap":{"0":{"start":{"line":1,"column":14},"end":{"line":6,"column":1}},"1":{"start":{"line":2,"column":2},"end":{"line":4,"column":3}},"2":{"start":{"line":3,"column":4},"end":{"line":3,"column":31}},"3":{"start":{"line":5,"column":2},"end":{"line":5,"column":53}}},"fnMap":{"0":{"name":"(anonymous_0)","decl":{"start":{"line":1,"column":14},"end":{"line":1,"column":15}},"loc":{"start":{"line":1,"column":32},"end":{"line":6,"column":1}},"line":1}},"branchMap":{"0":{"loc":{"start":{"line":2,"column":2},"end":{"line":4,"column":3}},"type":"if","locations":[{"start":{"line":2,"column":2},"end":{"line":4,"column":3}},{"start":{},"end":{}}],"line":2}},"s":{"0":1,"1":2,"2":2,"3":0},"f":{"0":2},"b":{"0":[2,0]},"inputSourceMap":null,"_coverageSchema":"1a1c01bbd47fc00a2c39e90264f33305004495a9","hash":"370721a7c374c8627d46bde385ae4ba88501beae"}
,"/Users/Elena/Documents/QA/qa-auto-engineer-javascript-project-87/src/formatters/stylish.js": {"path":"/Users/Elena/Documents/QA/qa-auto-engineer-javascript-project-87/src/formatters/stylish.js","statementMap":{"0":{"start":{"line":1,"column":15},"end":{"line":8,"column":1}},"1":{"start":{"line":2,"column":16},"end":{"line":6,"column":4}},"2":{"start":{"line":3,"column":19},"end":{"line":3,"column":34}},"3":{"start":{"line":4,"column":21},"end":{"line":4,"column":33}},"4":{"start":{"line":5,"column":4},"end":{"line":5,"column":61}},"5":{"start":{"line":7,"column":2},"end":{"line":7,"column":41}}},"fnMap":{"0":{"name":"(anonymous_0)","decl":{"start":{"line":1,"column":15},"end":{"line":1,"column":16}},"loc":{"start":{"line":1,"column":25},"end":{"line":8,"column":1}},"line":1},"1":{"name":"(anonymous_1)","decl":{"start":{"line":2,"column":41},"end":{"line":2,"column":42}},"loc":{"start":{"line":2,"column":59},"end":{"line":6,"column":3}},"line":2}},"branchMap":{},"s":{"0":1,"1":1,"2":6,"3":6,"4":6,"5":1},"f":{"0":1,"1":6},"b":{},"inputSourceMap":null,"_coverageSchema":"1a1c01bbd47fc00a2c39e90264f33305004495a9","hash":"520ca5b697f358bfe21c3a58f341f55dcfaf8a64"}
}
