{"/Users/Elena/Documents/QA/qa-auto-engineer-javascript-project-87/src/diffBuilder.js": {"path":"/Users/Elena/Documents/QA/qa-auto-engineer-javascript-project-87/src/diffBuilder.js","statementMap":{"0":{"start":{"line":1,"column":18},"end":{"line":19,"column":1}},"1":{"start":{"line":2,"column":15},"end":{"line":2,"column":48}},"2":{"start":{"line":3,"column":17},"end":{"line":3,"column":19}},"3":{"start":{"line":5,"column":2},"end":{"line":16,"column":5}},"4":{"start":{"line":6,"column":4},"end":{"line":15,"column":5}},"5":{"start":{"line":7,"column":6},"end":{"line":7,"column":37}},"6":{"start":{"line":8,"column":11},"end":{"line":15,"column":5}},"7":{"start":{"line":9,"column":6},"end":{"line":9,"column":37}},"8":{"start":{"line":10,"column":11},"end":{"line":15,"column":5}},"9":{"start":{"line":11,"column":6},"end":{"line":11,"column":37}},"10":{"start":{"line":12,"column":6},"end":{"line":12,"column":37}},"11":{"start":{"line":14,"column":6},"end":{"line":14,"column":37}},"12":{"start":{"line":18,"column":2},"end":{"line":18,"column":16}}},"fnMap":{"0":{"name":"(anonymous_0)","decl":{"start":{"line":1,"column":18},"end":{"line":1,"column":19}},"loc":{"start":{"line":1,"column":34},"end":{"line":19,"column":1}},"line":1},"1":{"name":"(anonymous_1)","decl":{"start":{"line":5,"column":15},"end":{"line":5,"column":16}},"loc":{"start":{"line":5,"column":24},"end":{"line":16,"column":3}},"line":5}},"branchMap":{"0":{"loc":{"start":{"line":6,"column":4},"end":{"line":15,"column":5}},"type":"if","locations":[{"start":{"line":6,"column":4},"end":{"line":15,"column":5}},{"start":{"line":8,"column":11},"end":{"line":15,"column":5}}],"line":6},"1":{"loc":{"start":{"line":8,"column":11},"end":{"line":15,"column":5}},"type":"if","locations":[{"start":{"line":8,"column":11},"end":{"line":15,"column":5}},{"start":{"line":10,"column":11},"end":{"line":15,"column":5}}],"line":8},"2":{"loc":{"start":{"line":10,"column":11},"end":{"line":15,"column":5}},"type":"if","locations":[{"start":{"line":10,"column":11},"end":{"line":15,"column":5}},{"start":{"line":13,"column":11},"end":{"line":15,"column":5}}],"line":10}},"s":{"0":1,"1":3,"2":3,"3":3,"4":15,"5":6,"6":9,"7":3,"8":6,"9":3,"10":3,"11":3,"12":3},"f":{"0":3,"1":15},"b":{"0":[6,9],"1":[3,6],"2":[3,3]},"inputSourceMap":null,"_coverageSchema":"1a1c01bbd47fc00a2c39e90264f33305004495a9","hash":"a758d89aad5c5f7020bbfb4008417c1cbffc47d8"}
,"/Users/Elena/Documents/QA/qa-auto-engineer-javascript-project-87/src/index.js": {"path":"/Users/Elena/Documents/QA/qa-auto-engineer-javascript-project-87/src/index.js","statementMap":{"0":{"start":{"line":7,"column":17},"end":{"line":7,"column":37}},"1":{"start":{"line":8,"column":17},"end":{"line":8,"column":37}},"2":{"start":{"line":10,"column":16},"end":{"line":10,"column":56}},"3":{"start":{"line":11,"column":16},"end":{"line":11,"column":56}},"4":{"start":{"line":13,"column":15},"end":{"line":13,"column":38}},"5":{"start":{"line":14,"column":17},"end":{"line":14,"column":41}},"6":{"start":{"line":16,"column":2},"end":{"line":16,"column":22}}},"fnMap":{"0":{"name":"(anonymous_0)","decl":{"start":{"line":6,"column":15},"end":{"line":6,"column":16}},"loc":{"start":{"line":6,"column":65},"end":{"line":17,"column":1}},"line":6}},"branchMap":{"0":{"loc":{"start":{"line":6,"column":38},"end":{"line":6,"column":60}},"type":"default-arg","locations":[{"start":{"line":6,"column":51},"end":{"line":6,"column":60}}],"line":6}},"s":{"0":3,"1":3,"2":3,"3":3,"4":3,"5":3,"6":3},"f":{"0":3},"b":{"0":[1]},"inputSourceMap":null,"_coverageSchema":"1a1c01bbd47fc00a2c39e90264f33305004495a9","hash":"de04c87c10257d189e3da5847b01f0ef3e570a2b"}
,"/Users/Elena/Documents/QA/qa-auto-engineer-javascript-project-87/src/formatters/formatsFactory.js": {"path":"/Users/Elena/Documents/QA/qa-auto-engineer-javascript-project-87/src/formatters/formatsFactory.js","statementMap":{"0":{"start":{"line":5,"column":19},"end":{"line":9,"column":1}},"1":{"start":{"line":12,"column":20},"end":{"line":12,"column":42}},"2":{"start":{"line":13,"column":2},"end":{"line":15,"column":3}},"3":{"start":{"line":14,"column":4},"end":{"line":14,"column":97}},"4":{"start":{"line":16,"column":2},"end":{"line":16,"column":19}}},"fnMap":{"0":{"name":"(anonymous_0)","decl":{"start":{"line":11,"column":15},"end":{"line":11,"column":16}},"loc":{"start":{"line":11,"column":31},"end":{"line":17,"column":1}},"line":11}},"branchMap":{"0":{"loc":{"start":{"line":13,"column":2},"end":{"line":15,"column":3}},"type":"if","locations":[{"start":{"line":13,"column":2},"end":{"line":15,"column":3}},{"start":{},"end":{}}],"line":13}},"s":{"0":1,"1":3,"2":3,"3":0,"4":3},"f":{"0":3},"b":{"0":[0,3]},"inputSourceMap":null,"_coverageSchema":"1a1c01bbd47fc00a2c39e90264f33305004495a9","hash":"f638ecd2caf4e459869b5daffab520acd5960364"}
,"/Users/Elena/Documents/QA/qa-auto-engineer-javascript-project-87/src/formatters/json.js": {"path":"/Users/Elena/Documents/QA/qa-auto-engineer-javascript-project-87/src/formatters/json.js","statementMap":{"0":{"start":{"line":1,"column":19},"end":{"line":3,"column":3}},"1":{"start":{"line":2,"column":4},"end":{"line":2,"column":41}}},"fnMap":{"0":{"name":"(anonymous_0)","decl":{"start":{"line":1,"column":19},"end":{"line":1,"column":20}},"loc":{"start":{"line":1,"column":29},"end":{"line":3,"column":3}},"line":1}},"branchMap":{},"s":{"0":1,"1":1},"f":{"0":1},"b":{},"inputSourceMap":null,"_coverageSchema":"1a1c01bbd47fc00a2c39e90264f33305004495a9","hash":"5f05df3eb090492e18fb0ad3b31c6dfbe72b7dce"}
,"/Users/Elena/Documents/QA/qa-auto-engineer-javascript-project-87/src/formatters/plain.js": {"path":"/Users/Elena/Documents/QA/qa-auto-engineer-javascript-project-87/src/formatters/plain.js","statementMap":{"0":{"start":{"line":1,"column":20},"end":{"line":6,"column":3}},"1":{"start":{"line":2,"column":4},"end":{"line":4,"column":5}},"2":{"start":{"line":3,"column":6},"end":{"line":3,"column":31}},"3":{"start":{"line":5,"column":4},"end":{"line":5,"column":68}},"4":{"start":{"line":8,"column":22},"end":{"line":33,"column":3}},"5":{"start":{"line":9,"column":18},"end":{"line":9,"column":20}},"6":{"start":{"line":10,"column":26},"end":{"line":10,"column":35}},"7":{"start":{"line":12,"column":4},"end":{"line":18,"column":7}},"8":{"start":{"line":13,"column":23},"end":{"line":13,"column":35}},"9":{"start":{"line":14,"column":6},"end":{"line":17,"column":7}},"10":{"start":{"line":15,"column":8},"end":{"line":15,"column":57}},"11":{"start":{"line":16,"column":8},"end":{"line":16,"column":36}},"12":{"start":{"line":20,"column":4},"end":{"line":30,"column":7}},"13":{"start":{"line":21,"column":23},"end":{"line":21,"column":35}},"14":{"start":{"line":23,"column":6},"end":{"line":23,"column":46}},"15":{"start":{"line":23,"column":39},"end":{"line":23,"column":46}},"16":{"start":{"line":25,"column":6},"end":{"line":29,"column":7}},"17":{"start":{"line":26,"column":8},"end":{"line":26,"column":89}},"18":{"start":{"line":27,"column":13},"end":{"line":29,"column":7}},"19":{"start":{"line":28,"column":8},"end":{"line":28,"column":126}},"20":{"start":{"line":32,"column":4},"end":{"line":32,"column":28}}},"fnMap":{"0":{"name":"(anonymous_0)","decl":{"start":{"line":1,"column":20},"end":{"line":1,"column":21}},"loc":{"start":{"line":1,"column":31},"end":{"line":6,"column":3}},"line":1},"1":{"name":"(anonymous_1)","decl":{"start":{"line":8,"column":22},"end":{"line":8,"column":23}},"loc":{"start":{"line":8,"column":32},"end":{"line":33,"column":3}},"line":8},"2":{"name":"(anonymous_2)","decl":{"start":{"line":12,"column":33},"end":{"line":12,"column":34}},"loc":{"start":{"line":12,"column":51},"end":{"line":18,"column":5}},"line":12},"3":{"name":"(anonymous_3)","decl":{"start":{"line":20,"column":33},"end":{"line":20,"column":34}},"loc":{"start":{"line":20,"column":51},"end":{"line":30,"column":5}},"line":20}},"branchMap":{"0":{"loc":{"start":{"line":2,"column":4},"end":{"line":4,"column":5}},"type":"if","locations":[{"start":{"line":2,"column":4},"end":{"line":4,"column":5}},{"start":{},"end":{}}],"line":2},"1":{"loc":{"start":{"line":2,"column":8},"end":{"line":2,"column":51}},"type":"binary-expr","locations":[{"start":{"line":2,"column":8},"end":{"line":2,"column":33}},{"start":{"line":2,"column":37},"end":{"line":2,"column":51}}],"line":2},"2":{"loc":{"start":{"line":5,"column":11},"end":{"line":5,"column":67}},"type":"cond-expr","locations":[{"start":{"line":5,"column":39},"end":{"line":5,"column":51}},{"start":{"line":5,"column":54},"end":{"line":5,"column":67}}],"line":5},"3":{"loc":{"start":{"line":14,"column":6},"end":{"line":17,"column":7}},"type":"if","locations":[{"start":{"line":14,"column":6},"end":{"line":17,"column":7}},{"start":{},"end":{}}],"line":14},"4":{"loc":{"start":{"line":14,"column":10},"end":{"line":14,"column":60}},"type":"binary-expr","locations":[{"start":{"line":14,"column":10},"end":{"line":14,"column":30}},{"start":{"line":14,"column":34},"end":{"line":14,"column":60}}],"line":14},"5":{"loc":{"start":{"line":23,"column":6},"end":{"line":23,"column":46}},"type":"if","locations":[{"start":{"line":23,"column":6},"end":{"line":23,"column":46}},{"start":{},"end":{}}],"line":23},"6":{"loc":{"start":{"line":25,"column":6},"end":{"line":29,"column":7}},"type":"if","locations":[{"start":{"line":25,"column":6},"end":{"line":29,"column":7}},{"start":{"line":27,"column":13},"end":{"line":29,"column":7}}],"line":25},"7":{"loc":{"start":{"line":25,"column":10},"end":{"line":25,"column":60}},"type":"binary-expr","locations":[{"start":{"line":25,"column":10},"end":{"line":25,"column":30}},{"start":{"line":25,"column":34},"end":{"line":25,"column":60}}],"line":25},"8":{"loc":{"start":{"line":27,"column":13},"end":{"line":29,"column":7}},"type":"if","locations":[{"start":{"line":27,"column":13},"end":{"line":29,"column":7}},{"start":{},"end":{}}],"line":27},"9":{"loc":{"start":{"line":27,"column":17},"end":{"line":27,"column":66}},"type":"binary-expr","locations":[{"start":{"line":27,"column":17},"end":{"line":27,"column":37}},{"start":{"line":27,"column":42},"end":{"line":27,"column":65}}],"line":27}},"s":{"0":1,"1":3,"2":0,"3":3,"4":1,"5":1,"6":1,"7":1,"8":6,"9":6,"10":2,"11":2,"12":1,"13":6,"14":6,"15":2,"16":4,"17":1,"18":3,"19":1,"20":1},"f":{"0":3,"1":1,"2":6,"3":6},"b":{"0":[0,3],"1":[3,0],"2":[0,3],"3":[2,4],"4":[6,3],"5":[2,4],"6":[1,3],"7":[4,2],"8":[1,2],"9":[3,1]},"inputSourceMap":null,"_coverageSchema":"1a1c01bbd47fc00a2c39e90264f33305004495a9","hash":"7c3aaf212f5f2e852b5ccc7e4aa33a33ad3dc17f"}
,"/Users/Elena/Documents/QA/qa-auto-engineer-javascript-project-87/src/formatters/stylish.js": {"path":"/Users/Elena/Documents/QA/qa-auto-engineer-javascript-project-87/src/formatters/stylish.js","statementMap":{"0":{"start":{"line":1,"column":15},"end":{"line":8,"column":1}},"1":{"start":{"line":2,"column":16},"end":{"line":6,"column":4}},"2":{"start":{"line":3,"column":19},"end":{"line":3,"column":34}},"3":{"start":{"line":4,"column":21},"end":{"line":4,"column":33}},"4":{"start":{"line":5,"column":4},"end":{"line":5,"column":61}},"5":{"start":{"line":7,"column":2},"end":{"line":7,"column":41}}},"fnMap":{"0":{"name":"(anonymous_0)","decl":{"start":{"line":1,"column":15},"end":{"line":1,"column":16}},"loc":{"start":{"line":1,"column":25},"end":{"line":8,"column":1}},"line":1},"1":{"name":"(anonymous_1)","decl":{"start":{"line":2,"column":41},"end":{"line":2,"column":42}},"loc":{"start":{"line":2,"column":59},"end":{"line":6,"column":3}},"line":2}},"branchMap":{},"s":{"0":1,"1":1,"2":6,"3":6,"4":6,"5":1},"f":{"0":1,"1":6},"b":{},"inputSourceMap":null,"_coverageSchema":"1a1c01bbd47fc00a2c39e90264f33305004495a9","hash":"520ca5b697f358bfe21c3a58f341f55dcfaf8a64"}
,"/Users/Elena/Documents/QA/qa-auto-engineer-javascript-project-87/src/parsers/jsonParser.js": {"path":"/Users/Elena/Documents/QA/qa-auto-engineer-javascript-project-87/src/parsers/jsonParser.js","statementMap":{"0":{"start":{"line":1,"column":14},"end":{"line":6,"column":1}},"1":{"start":{"line":2,"column":2},"end":{"line":4,"column":3}},"2":{"start":{"line":3,"column":4},"end":{"line":3,"column":31}},"3":{"start":{"line":5,"column":2},"end":{"line":5,"column":53}}},"fnMap":{"0":{"name":"(anonymous_0)","decl":{"start":{"line":1,"column":14},"end":{"line":1,"column":15}},"loc":{"start":{"line":1,"column":32},"end":{"line":6,"column":1}},"line":1}},"branchMap":{"0":{"loc":{"start":{"line":2,"column":2},"end":{"line":4,"column":3}},"type":"if","locations":[{"start":{"line":2,"column":2},"end":{"line":4,"column":3}},{"start":{},"end":{}}],"line":2}},"s":{"0":1,"1":6,"2":6,"3":0},"f":{"0":6},"b":{"0":[6,0]},"inputSourceMap":null,"_coverageSchema":"1a1c01bbd47fc00a2c39e90264f33305004495a9","hash":"2fddbd24cbe2f49023b8e6cd327e8e48235b3f3d"}
,"/Users/Elena/Documents/QA/qa-auto-engineer-javascript-project-87/src/parsers/parserFactory.js": {"path":"/Users/Elena/Documents/QA/qa-auto-engineer-javascript-project-87/src/parsers/parserFactory.js","statementMap":{"0":{"start":{"line":4,"column":18},"end":{"line":17,"column":1}},"1":{"start":{"line":5,"column":14},"end":{"line":5,"column":55}},"2":{"start":{"line":6,"column":18},"end":{"line":10,"column":3}},"3":{"start":{"line":7,"column":26},"end":{"line":7,"column":53}},"4":{"start":{"line":12,"column":2},"end":{"line":14,"column":3}},"5":{"start":{"line":13,"column":4},"end":{"line":13,"column":76}},"6":{"start":{"line":16,"column":2},"end":{"line":16,"column":22}}},"fnMap":{"0":{"name":"(anonymous_0)","decl":{"start":{"line":4,"column":18},"end":{"line":4,"column":19}},"loc":{"start":{"line":4,"column":32},"end":{"line":17,"column":1}},"line":4},"1":{"name":"(anonymous_1)","decl":{"start":{"line":7,"column":13},"end":{"line":7,"column":14}},"loc":{"start":{"line":7,"column":26},"end":{"line":7,"column":53}},"line":7}},"branchMap":{"0":{"loc":{"start":{"line":12,"column":2},"end":{"line":14,"column":3}},"type":"if","locations":[{"start":{"line":12,"column":2},"end":{"line":14,"column":3}},{"start":{},"end":{}}],"line":12}},"s":{"0":1,"1":6,"2":6,"3":6,"4":6,"5":0,"6":6},"f":{"0":6,"1":6},"b":{"0":[0,6]},"inputSourceMap":null,"_coverageSchema":"1a1c01bbd47fc00a2c39e90264f33305004495a9","hash":"8709b7d0abd107dc8425ed07b98d6bef43d89adc"}
,"/Users/Elena/Documents/QA/qa-auto-engineer-javascript-project-87/src/parsers/yamlParser.js": {"path":"/Users/Elena/Documents/QA/qa-auto-engineer-javascript-project-87/src/parsers/yamlParser.js","statementMap":{"0":{"start":{"line":3,"column":14},"end":{"line":3,"column":45}},"1":{"start":{"line":3,"column":27},"end":{"line":3,"column":45}}},"fnMap":{"0":{"name":"(anonymous_0)","decl":{"start":{"line":3,"column":14},"end":{"line":3,"column":15}},"loc":{"start":{"line":3,"column":27},"end":{"line":3,"column":45}},"line":3}},"branchMap":{},"s":{"0":1,"1":0},"f":{"0":0},"b":{},"inputSourceMap":null,"_coverageSchema":"1a1c01bbd47fc00a2c39e90264f33305004495a9","hash":"9dc47c81f867a02aab587332ef84ce85807ef905"}
}
