TN:
SF:src/diffBuilder.js
FN:1,(anonymous_0)
FN:5,(anonymous_1)
FNF:2
FNH:2
FNDA:2,(anonymous_0)
FNDA:10,(anonymous_1)
DA:1,1
DA:2,2
DA:3,2
DA:5,2
DA:6,10
DA:7,4
DA:8,6
DA:9,2
DA:10,4
DA:11,2
DA:12,2
DA:14,2
DA:18,2
LF:13
LH:13
BRDA:6,0,0,4
BRDA:6,0,1,6
BRDA:8,1,0,2
BRDA:8,1,1,4
BRDA:10,2,0,2
BRDA:10,2,1,2
BRF:6
BRH:6
end_of_record
TN:
SF:src/index.js
FN:6,(anonymous_0)
FNF:1
FNH:1
FNDA:2,(anonymous_0)
DA:7,2
DA:8,2
DA:10,2
DA:11,2
DA:13,2
LF:5
LH:5
BRF:0
BRH:0
end_of_record
TN:
SF:src/formatters/stylish.js
FN:1,(anonymous_0)
FN:2,(anonymous_1)
FNF:2
FNH:2
FNDA:2,(anonymous_0)
FNDA:12,(anonymous_1)
DA:1,1
DA:2,2
DA:3,12
DA:4,12
DA:5,12
DA:7,2
LF:6
LH:6
BRF:0
BRH:0
end_of_record
TN:
SF:src/parsers/jsonParser.js
FN:1,(anonymous_0)
FNF:1
FNH:1
FNDA:2,(anonymous_0)
DA:1,1
DA:2,2
DA:3,2
DA:5,0
LF:4
LH:3
BRDA:2,0,0,2
BRDA:2,0,1,0
BRF:2
BRH:1
end_of_record
TN:
SF:src/parsers/parserFactory.js
FN:4,(anonymous_0)
FN:7,(anonymous_1)
FNF:2
FNH:2
FNDA:4,(anonymous_0)
FNDA:2,(anonymous_1)
DA:4,1
DA:5,4
DA:6,4
DA:7,2
DA:12,4
DA:13,0
DA:16,4
LF:7
LH:6
BRDA:12,0,0,0
BRDA:12,0,1,4
BRF:2
BRH:1
end_of_record
TN:
SF:src/parsers/yamlParser.js
FN:3,(anonymous_0)
FNF:1
FNH:1
FNDA:2,(anonymous_0)
DA:3,2
LF:1
LH:1
BRF:0
BRH:0
end_of_record
